#
# There is insufficient memory for the Java Runtime Environment to continue.
# Native memory allocation (malloc) failed to allocate 1815760 bytes for Chunk::new
# Possible reasons:
#   The system is out of physical RAM or swap space
#   In 32 bit mode, the process size limit was hit
# Possible solutions:
#   Reduce memory load on the system
#   Increase physical memory or swap space
#   Check if swap backing store is full
#   Use 64 bit Java on a 64 bit OS
#   Decrease Java heap size (-Xmx/-Xms)
#   Decrease number of Java threads
#   Decrease Java thread stack sizes (-Xss)
#   Set larger code cache with -XX:ReservedCodeCacheSize=
# This output file may be truncated or incomplete.
#
#  Out of Memory Error (allocation.cpp:390), pid=3316, tid=0x0000000000006b84
#
# JRE version: Java(TM) SE Runtime Environment (8.0_162-b12) (build 1.8.0_162-b12)
# Java VM: Java HotSpot(TM) 64-Bit Server VM (25.162-b12 mixed mode windows-amd64 compressed oops)
# Failed to write core dump. Minidumps are not enabled by default on client versions of Windows
#

---------------  T H R E A D  ---------------

Current thread (0x000000001822f000):  JavaThread "C2 CompilerThread0" daemon [_thread_in_native, id=27524, stack(0x00000000198a0000,0x00000000199a0000)]

Stack: [0x00000000198a0000,0x00000000199a0000]
[error occurred during error reporting (printing stack bounds), id 0xc0000005]

Native frames: (J=compiled Java code, j=interpreted, Vv=VM code, C=native code)


Current CompileTask:
C2:   8654 6188   !   4       java.net.URLClassLoader$1::run (63 bytes)


---------------  P R O C E S S  ---------------

Java Threads: ( => current thread )
  0x000000001eb1e000 JavaThread "File lock request listener" [_thread_in_native, id=8340, stack(0x000000001e7c0000,0x000000001e8c0000)]
  0x000000001adcd800 JavaThread "pool-1-thread-1" [_thread_blocked, id=26580, stack(0x000000001d2f0000,0x000000001d3f0000)]
  0x0000000019bd8800 JavaThread "Service Thread" daemon [_thread_blocked, id=1128, stack(0x0000000019fa0000,0x000000001a0a0000)]
  0x0000000018240800 JavaThread "C1 CompilerThread2" daemon [_thread_in_native, id=9900, stack(0x0000000019aa0000,0x0000000019ba0000)]
  0x0000000018233800 JavaThread "C2 CompilerThread1" daemon [_thread_in_native, id=30732, stack(0x00000000199a0000,0x0000000019aa0000)]
=>0x000000001822f000 JavaThread "C2 CompilerThread0" daemon [_thread_in_native, id=27524, stack(0x00000000198a0000,0x00000000199a0000)]
  0x000000001822d000 JavaThread "Attach Listener" daemon [_thread_blocked, id=3704, stack(0x00000000197a0000,0x00000000198a0000)]
  0x000000001822c000 JavaThread "Signal Dispatcher" daemon [_thread_blocked, id=5572, stack(0x00000000196a0000,0x00000000197a0000)]
  0x00000000049ab000 JavaThread "Finalizer" daemon [_thread_blocked, id=15524, stack(0x0000000019480000,0x0000000019580000)]
  0x00000000049a2000 JavaThread "Reference Handler" daemon [_thread_blocked, id=6864, stack(0x0000000019380000,0x0000000019480000)]
  0x00000000048b2800 JavaThread "main" [_thread_in_Java, id=5864, stack(0x00000000047b0000,0x00000000048b0000)]

Other Threads:
  0x00000000181f6800 VMThread [stack: 0x0000000019280000,0x0000000019380000] [id=29712]
  0x000000001828d800 WatcherThread [stack: 0x000000001a0a0000,0x000000001a1a0000] [id=25752]

VM state:not at safepoint (normal execution)

VM Mutex/Monitor currently owned by a thread: None

Heap:
 PSYoungGen      total 124928K, used 20979K [0x00000000e0980000, 0x00000000eb080000, 0x0000000100000000)
  eden space 108544K, 5% used [0x00000000e0980000,0x00000000e0fcffc8,0x00000000e7380000)
  from space 16384K, 88% used [0x00000000e7380000,0x00000000e81acc58,0x00000000e8380000)
  to   space 17920K, 0% used [0x00000000e9f00000,0x00000000e9f00000,0x00000000eb080000)
 ParOldGen       total 80384K, used 33637K [0x00000000a1c00000, 0x00000000a6a80000, 0x00000000e0980000)
  object space 80384K, 41% used [0x00000000a1c00000,0x00000000a3cd97a0,0x00000000a6a80000)
 Metaspace       used 52133K, capacity 53574K, committed 53760K, reserved 1095680K
  class space    used 7044K, capacity 7420K, committed 7424K, reserved 1048576K

Card table byte_map: [0x0000000013d70000,0x0000000014070000] byte_map_base: 0x0000000013862000

Marking Bits: (ParMarkBitMap*) 0x0000000062a60860
 Begin Bits: [0x0000000014670000, 0x0000000015e00000)
 End Bits:   [0x0000000015e00000, 0x0000000017590000)

Polling page: 0x0000000002d80000

CodeCache: size=245760Kb used=22141Kb max_used=22232Kb free=223618Kb
 bounds [0x00000000049b0000, 0x0000000005f90000, 0x00000000139b0000]
 total_blobs=6766 nmethods=6040 adapters=638
 compilation: enabled

Compilation events (10 events):
Event: 8.645 Thread 0x0000000018233800 6541       4       java.util.HashMap$Node::hashCode (16 bytes)
Event: 8.645 Thread 0x0000000018240800 nmethod 6533 0x000000000501d590 code [0x000000000501d760, 0x000000000501ddc8]
Event: 8.645 Thread 0x0000000018240800 6534   !   3       org.gradle.api.internal.artifacts.ivyservice.ivyresolve.ErrorHandlingModuleComponentRepository$ErrorHandlingModuleComponentRepositoryAccess::resolveModuleArtifacts (39 bytes)
Event: 8.646 Thread 0x0000000018240800 nmethod 6534 0x0000000004bdfa10 code [0x0000000004bdfbc0, 0x0000000004be0088]
Event: 8.646 Thread 0x0000000018233800 nmethod 6541 0x0000000004c17d50 code [0x0000000004c17ea0, 0x0000000004c18018]
Event: 8.646 Thread 0x0000000018233800 6542       4       org.gradle.api.internal.artifacts.ResolvedConfigurationIdentifier::hashCode (16 bytes)
Event: 8.646 Thread 0x0000000018240800 6539       3       org.gradle.internal.component.model.AbstractModuleDescriptorBackedMetaData$DefaultConfigurationMetaData::artifact (6 bytes)
Event: 8.646 Thread 0x0000000018240800 nmethod 6539 0x0000000004bdb590 code [0x0000000004bdb740, 0x0000000004bdbda8]
Event: 8.647 Thread 0x0000000018240800 6540       3       org.gradle.internal.component.model.AbstractModuleDescriptorBackedMetaData$DefaultConfigurationMetaData::artifact (19 bytes)
Event: 8.647 Thread 0x0000000018240800 nmethod 6540 0x000000000501b7d0 code [0x000000000501b980, 0x000000000501bf88]

GC Heap History (10 events):
Event: 5.355 GC heap before
{Heap before GC invocations=11 (full 2):
 PSYoungGen      total 83456K, used 8684K [0x00000000e0980000, 0x00000000e7d80000, 0x0000000100000000)
  eden space 74752K, 0% used [0x00000000e0980000,0x00000000e0980000,0x00000000e5280000)
  from space 8704K, 99% used [0x00000000e5280000,0x00000000e5afb2c0,0x00000000e5b00000)
  to   space 10752K, 0% used [0x00000000e7300000,0x00000000e7300000,0x00000000e7d80000)
 ParOldGen       total 52224K, used 15194K [0x00000000a1c00000, 0x00000000a4f00000, 0x00000000e0980000)
  object space 52224K, 29% used [0x00000000a1c00000,0x00000000a2ad6ba8,0x00000000a4f00000)
 Metaspace       used 34476K, capacity 35170K, committed 35456K, reserved 1079296K
  class space    used 4636K, capacity 4912K, committed 4992K, reserved 1048576K
Event: 5.446 GC heap after
Heap after GC invocations=11 (full 2):
 PSYoungGen      total 83456K, used 0K [0x00000000e0980000, 0x00000000e7d80000, 0x0000000100000000)
  eden space 74752K, 0% used [0x00000000e0980000,0x00000000e0980000,0x00000000e5280000)
  from space 8704K, 0% used [0x00000000e5280000,0x00000000e5280000,0x00000000e5b00000)
  to   space 10752K, 0% used [0x00000000e7300000,0x00000000e7300000,0x00000000e7d80000)
 ParOldGen       total 80384K, used 18376K [0x00000000a1c00000, 0x00000000a6a80000, 0x00000000e0980000)
  object space 80384K, 22% used [0x00000000a1c00000,0x00000000a2df2020,0x00000000a6a80000)
 Metaspace       used 34420K, capacity 35050K, committed 35456K, reserved 1079296K
  class space    used 4619K, capacity 4872K, committed 4992K, reserved 1048576K
}
Event: 5.956 GC heap before
{Heap before GC invocations=12 (full 2):
 PSYoungGen      total 83456K, used 74752K [0x00000000e0980000, 0x00000000e7d80000, 0x0000000100000000)
  eden space 74752K, 100% used [0x00000000e0980000,0x00000000e5280000,0x00000000e5280000)
  from space 8704K, 0% used [0x00000000e5280000,0x00000000e5280000,0x00000000e5b00000)
  to   space 10752K, 0% used [0x00000000e7300000,0x00000000e7300000,0x00000000e7d80000)
 ParOldGen       total 80384K, used 18376K [0x00000000a1c00000, 0x00000000a6a80000, 0x00000000e0980000)
  object space 80384K, 22% used [0x00000000a1c00000,0x00000000a2df2020,0x00000000a6a80000)
 Metaspace       used 37757K, capacity 38500K, committed 38912K, reserved 1083392K
  class space    used 5057K, capacity 5291K, committed 5376K, reserved 1048576K
Event: 5.966 GC heap after
Heap after GC invocations=12 (full 2):
 PSYoungGen      total 100352K, used 8511K [0x00000000e0980000, 0x00000000e7b80000, 0x0000000100000000)
  eden space 91648K, 0% used [0x00000000e0980000,0x00000000e0980000,0x00000000e6300000)
  from space 8704K, 97% used [0x00000000e7300000,0x00000000e7b4fd38,0x00000000e7b80000)
  to   space 10752K, 0% used [0x00000000e6680000,0x00000000e6680000,0x00000000e7100000)
 ParOldGen       total 80384K, used 18384K [0x00000000a1c00000, 0x00000000a6a80000, 0x00000000e0980000)
  object space 80384K, 22% used [0x00000000a1c00000,0x00000000a2df4020,0x00000000a6a80000)
 Metaspace       used 37757K, capacity 38500K, committed 38912K, reserved 1083392K
  class space    used 5057K, capacity 5291K, committed 5376K, reserved 1048576K
}
Event: 6.841 GC heap before
{Heap before GC invocations=13 (full 2):
 PSYoungGen      total 100352K, used 100159K [0x00000000e0980000, 0x00000000e7b80000, 0x0000000100000000)
  eden space 91648K, 100% used [0x00000000e0980000,0x00000000e6300000,0x00000000e6300000)
  from space 8704K, 97% used [0x00000000e7300000,0x00000000e7b4fd38,0x00000000e7b80000)
  to   space 10752K, 0% used [0x00000000e6680000,0x00000000e6680000,0x00000000e7100000)
 ParOldGen       total 80384K, used 18384K [0x00000000a1c00000, 0x00000000a6a80000, 0x00000000e0980000)
  object space 80384K, 22% used [0x00000000a1c00000,0x00000000a2df4020,0x00000000a6a80000)
 Metaspace       used 44268K, capacity 45142K, committed 45696K, reserved 1089536K
  class space    used 5901K, capacity 6170K, committed 6272K, reserved 1048576K
Event: 6.853 GC heap after
Heap after GC invocations=13 (full 2):
 PSYoungGen      total 105984K, used 10727K [0x00000000e0980000, 0x00000000e9000000, 0x0000000100000000)
  eden space 95232K, 0% used [0x00000000e0980000,0x00000000e0980000,0x00000000e6680000)
  from space 10752K, 99% used [0x00000000e6680000,0x00000000e70f9e18,0x00000000e7100000)
  to   space 12800K, 0% used [0x00000000e8380000,0x00000000e8380000,0x00000000e9000000)
 ParOldGen       total 80384K, used 20715K [0x00000000a1c00000, 0x00000000a6a80000, 0x00000000e0980000)
  object space 80384K, 25% used [0x00000000a1c00000,0x00000000a303af90,0x00000000a6a80000)
 Metaspace       used 44268K, capacity 45142K, committed 45696K, reserved 1089536K
  class space    used 5901K, capacity 6170K, committed 6272K, reserved 1048576K
}
Event: 7.826 GC heap before
{Heap before GC invocations=14 (full 2):
 PSYoungGen      total 105984K, used 105959K [0x00000000e0980000, 0x00000000e9000000, 0x0000000100000000)
  eden space 95232K, 100% used [0x00000000e0980000,0x00000000e6680000,0x00000000e6680000)
  from space 10752K, 99% used [0x00000000e6680000,0x00000000e70f9e18,0x00000000e7100000)
  to   space 12800K, 0% used [0x00000000e8380000,0x00000000e8380000,0x00000000e9000000)
 ParOldGen       total 80384K, used 20715K [0x00000000a1c00000, 0x00000000a6a80000, 0x00000000e0980000)
  object space 80384K, 25% used [0x00000000a1c00000,0x00000000a303af90,0x00000000a6a80000)
 Metaspace       used 49272K, capacity 50468K, committed 50816K, reserved 1093632K
  class space    used 6641K, capacity 6973K, committed 7040K, reserved 1048576K
Event: 7.838 GC heap after
Heap after GC invocations=14 (full 2):
 PSYoungGen      total 121344K, used 12768K [0x00000000e0980000, 0x00000000e9b00000, 0x0000000100000000)
  eden space 108544K, 0% used [0x00000000e0980000,0x00000000e0980000,0x00000000e7380000)
  from space 12800K, 99% used [0x00000000e8380000,0x00000000e8ff8018,0x00000000e9000000)
  to   space 16384K, 0% used [0x00000000e7380000,0x00000000e7380000,0x00000000e8380000)
 ParOldGen       total 80384K, used 26023K [0x00000000a1c00000, 0x00000000a6a80000, 0x00000000e0980000)
  object space 80384K, 32% used [0x00000000a1c00000,0x00000000a3569ff8,0x00000000a6a80000)
 Metaspace       used 49272K, capacity 50468K, committed 50816K, reserved 1093632K
  class space    used 6641K, capacity 6973K, committed 7040K, reserved 1048576K
}
Event: 8.620 GC heap before
{Heap before GC invocations=15 (full 2):
 PSYoungGen      total 121344K, used 121312K [0x00000000e0980000, 0x00000000e9b00000, 0x0000000100000000)
  eden space 108544K, 100% used [0x00000000e0980000,0x00000000e7380000,0x00000000e7380000)
  from space 12800K, 99% used [0x00000000e8380000,0x00000000e8ff8018,0x00000000e9000000)
  to   space 16384K, 0% used [0x00000000e7380000,0x00000000e7380000,0x00000000e8380000)
 ParOldGen       total 80384K, used 26023K [0x00000000a1c00000, 0x00000000a6a80000, 0x00000000e0980000)
  object space 80384K, 32% used [0x00000000a1c00000,0x00000000a3569ff8,0x00000000a6a80000)
 Metaspace       used 52125K, capacity 53574K, committed 53760K, reserved 1095680K
  class space    used 7044K, capacity 7420K, committed 7424K, reserved 1048576K
Event: 8.640 GC heap after
Heap after GC invocations=15 (full 2):
 PSYoungGen      total 124928K, used 14515K [0x00000000e0980000, 0x00000000eb080000, 0x0000000100000000)
  eden space 108544K, 0% used [0x00000000e0980000,0x00000000e0980000,0x00000000e7380000)
  from space 16384K, 88% used [0x00000000e7380000,0x00000000e81acc58,0x00000000e8380000)
  to   space 17920K, 0% used [0x00000000e9f00000,0x00000000e9f00000,0x00000000eb080000)
 ParOldGen       total 80384K, used 33637K [0x00000000a1c00000, 0x00000000a6a80000, 0x00000000e0980000)
  object space 80384K, 41% used [0x00000000a1c00000,0x00000000a3cd97a0,0x00000000a6a80000)
 Metaspace       used 52125K, capacity 53574K, committed 53760K, reserved 1095680K
  class space    used 7044K, capacity 7420K, committed 7424K, reserved 1048576K
}

Deoptimization events (10 events):
Event: 8.041 Thread 0x00000000048b2800 Uncommon trap: reason=unstable_if action=reinterpret pc=0x0000000005ac9bf8 method=org.codehaus.groovy.runtime.metaclass.MetaMethodIndex.copyNonPrivateNonNewMetaMethods(Lorg/codehaus/groovy/runtime/metaclass/MetaMethodIndex$Entry;Lorg/codehaus/groovy/runti
Event: 8.041 Thread 0x00000000048b2800 Uncommon trap: reason=unstable_if action=reinterpret pc=0x000000000581fa2c method=groovy.lang.MetaClassImpl$1MOPIter.methodNameAction(Ljava/lang/Class;Lorg/codehaus/groovy/runtime/metaclass/MetaMethodIndex$Entry;)V @ 259
Event: 8.196 Thread 0x00000000048b2800 Uncommon trap: reason=bimorphic action=maybe_recompile pc=0x0000000005a9172c method=org.codehaus.groovy.util.SingleKeyHashMap.get(Ljava/lang/Object;)Ljava/lang/Object; @ 43
Event: 8.196 Thread 0x00000000048b2800 Uncommon trap: reason=bimorphic action=maybe_recompile pc=0x0000000005a9172c method=org.codehaus.groovy.util.SingleKeyHashMap.get(Ljava/lang/Object;)Ljava/lang/Object; @ 43
Event: 8.199 Thread 0x00000000048b2800 Uncommon trap: reason=bimorphic action=maybe_recompile pc=0x0000000005a9172c method=org.codehaus.groovy.util.SingleKeyHashMap.get(Ljava/lang/Object;)Ljava/lang/Object; @ 43
Event: 8.199 Thread 0x00000000048b2800 Uncommon trap: reason=bimorphic action=maybe_recompile pc=0x0000000005a9172c method=org.codehaus.groovy.util.SingleKeyHashMap.get(Ljava/lang/Object;)Ljava/lang/Object; @ 43
Event: 8.226 Thread 0x00000000048b2800 Uncommon trap: reason=unstable_if action=reinterpret pc=0x0000000005784338 method=org.codehaus.groovy.reflection.CachedMethod.compareToMethod(Ljava/lang/reflect/Method;)I @ 111
Event: 8.262 Thread 0x00000000048b2800 Uncommon trap: reason=unstable_if action=reinterpret pc=0x00000000052502d0 method=java.util.WeakHashMap.put(Ljava/lang/Object;Ljava/lang/Object;)Ljava/lang/Object; @ 59
Event: 8.278 Thread 0x00000000048b2800 Uncommon trap: reason=predicate action=maybe_recompile pc=0x0000000005e6a0e4 method=java.util.Arrays.binarySearch0([Ljava/lang/Object;IILjava/lang/Object;Ljava/util/Comparator;)I @ 28
Event: 8.384 Thread 0x00000000048b2800 Uncommon trap: reason=unstable_if action=reinterpret pc=0x00000000051fc8b0 method=org.apache.xerces.util.SymbolTable.addSymbol([CII)Ljava/lang/String; @ 56

Classes redefined (0 events):
No events

Internal exceptions (10 events):
Event: 8.315 Thread 0x00000000048b2800 Exception <a 'java/lang/ClassNotFoundException': org/gradle/model/internal/core/ModelMapGroovyViewCustomizer> (0x00000000e57f86d8) thrown at [C:\re\workspace\8-2-build-windows-amd64-cygwin\jdk8u162\10278\hotspot\src\share\vm\classfile\systemDictionary.cpp
Event: 8.316 Thread 0x00000000048b2800 Exception <a 'java/lang/ClassNotFoundException': org/gradle/model/internal/core/NodeBackedModelMapCustomizer> (0x00000000e581dea8) thrown at [C:\re\workspace\8-2-build-windows-amd64-cygwin\jdk8u162\10278\hotspot\src\share\vm\classfile\systemDictionary.cpp
Event: 8.317 Thread 0x00000000048b2800 Exception <a 'java/lang/ClassNotFoundException': org/gradle/platform/base/BinaryContainer_ImplCustomizer> (0x00000000e587d090) thrown at [C:\re\workspace\8-2-build-windows-amd64-cygwin\jdk8u162\10278\hotspot\src\share\vm\classfile\systemDictionary.cpp, li
Event: 8.346 Thread 0x00000000048b2800 Exception <a 'java/lang/ClassNotFoundException': build_v027iel8bpkt5zq9vvoevvr7BeanInfo> (0x00000000e5958cf0) thrown at [C:\re\workspace\8-2-build-windows-amd64-cygwin\jdk8u162\10278\hotspot\src\share\vm\classfile\systemDictionary.cpp, line 210]
Event: 8.346 Thread 0x00000000048b2800 Exception <a 'java/lang/ClassNotFoundException': build_v027iel8bpkt5zq9vvoevvr7Customizer> (0x00000000e596a900) thrown at [C:\re\workspace\8-2-build-windows-amd64-cygwin\jdk8u162\10278\hotspot\src\share\vm\classfile\systemDictionary.cpp, line 210]
Event: 8.366 Thread 0x00000000048b2800 Exception <a 'java/lang/ClassNotFoundException': build_v027iel8bpkt5zq9vvoevvr7$_run_closure1$_closure5BeanInfo> (0x00000000e5b1dc80) thrown at [C:\re\workspace\8-2-build-windows-amd64-cygwin\jdk8u162\10278\hotspot\src\share\vm\classfile\systemDictionary.
Event: 8.366 Thread 0x00000000048b2800 Exception <a 'java/lang/ClassNotFoundException': build_v027iel8bpkt5zq9vvoevvr7$_run_closure1$_closure5Customizer> (0x00000000e5b35b58) thrown at [C:\re\workspace\8-2-build-windows-amd64-cygwin\jdk8u162\10278\hotspot\src\share\vm\classfile\systemDictionar
Event: 8.367 Thread 0x00000000048b2800 Exception <a 'java/lang/ClassNotFoundException': build_v027iel8bpkt5zq9vvoevvr7$_run_closure1BeanInfo> (0x00000000e5b6f2c8) thrown at [C:\re\workspace\8-2-build-windows-amd64-cygwin\jdk8u162\10278\hotspot\src\share\vm\classfile\systemDictionary.cpp, line 
Event: 8.368 Thread 0x00000000048b2800 Exception <a 'java/lang/ClassNotFoundException': build_v027iel8bpkt5zq9vvoevvr7$_run_closure1Customizer> (0x00000000e5b85728) thrown at [C:\re\workspace\8-2-build-windows-amd64-cygwin\jdk8u162\10278\hotspot\src\share\vm\classfile\systemDictionary.cpp, lin
Event: 8.375 Thread 0x00000000048b2800 Exception <a 'sun/nio/fs/WindowsException'> (0x00000000e5be1718) thrown at [C:\re\workspace\8-2-build-windows-amd64-cygwin\jdk8u162\10278\hotspot\src\share\vm\prims\jni.cpp, line 709]

Events (10 events):
Event: 8.644 Thread 0x0000000018233800 flushing nmethod 0x00000000051f7610
Event: 8.644 Thread 0x0000000018233800 flushing nmethod 0x00000000051f9810
Event: 8.644 Thread 0x0000000018233800 flushing nmethod 0x00000000052b6b50
Event: 8.644 Thread 0x0000000018233800 flushing nmethod 0x00000000052ce890
Event: 8.645 Thread 0x0000000018240800 flushing nmethod 0x00000000053bf1d0
Event: 8.645 Thread 0x0000000018240800 flushing nmethod 0x00000000054e5690
Event: 8.645 Thread 0x0000000018240800 flushing nmethod 0x00000000054f4610
Event: 8.646 Thread 0x0000000018240800 flushing nmethod 0x00000000055e3750
Event: 8.646 Thread 0x0000000018240800 flushing nmethod 0x00000000056d2c10
Event: 8.646 Thread 0x0000000018240800 flushing nmethod 0x000000000571cfd0


Dynamic libraries:
0x00007ff62d630000 - 0x00007ff62d667000 	C:\Program Files\Java\jdk1.8.0_162\bin\java.exe
0x00007ffae1cb0000 - 0x00007ffae1e90000 	C:\WINDOWS\SYSTEM32\ntdll.dll
0x00007ffac5a70000 - 0x00007ffac5aa4000 	C:\Program Files\AVAST Software\Avast\x64\aswhooka.dll
0x00007ffae18f0000 - 0x00007ffae199e000 	C:\WINDOWS\System32\KERNEL32.DLL
0x00007ffade350000 - 0x00007ffade5b6000 	C:\WINDOWS\System32\KERNELBASE.dll
0x00007ffae1540000 - 0x00007ffae15e1000 	C:\WINDOWS\System32\ADVAPI32.dll
0x00007ffadf880000 - 0x00007ffadf91d000 	C:\WINDOWS\System32\msvcrt.dll
0x00007ffadf690000 - 0x00007ffadf6eb000 	C:\WINDOWS\System32\sechost.dll
0x00007ffae1b00000 - 0x00007ffae1c1f000 	C:\WINDOWS\System32\RPCRT4.dll
0x00007ffadfee0000 - 0x00007ffae006f000 	C:\WINDOWS\System32\USER32.dll
0x00007ffadef80000 - 0x00007ffadefa0000 	C:\WINDOWS\System32\win32u.dll
0x00007ffadfeb0000 - 0x00007ffadfed8000 	C:\WINDOWS\System32\GDI32.dll
0x00007ffade0b0000 - 0x00007ffade243000 	C:\WINDOWS\System32\gdi32full.dll
0x00007ffadeee0000 - 0x00007ffadef7b000 	C:\WINDOWS\System32\msvcp_win.dll
0x00007ffadf080000 - 0x00007ffadf176000 	C:\WINDOWS\System32\ucrtbase.dll
0x00007ffacd680000 - 0x00007ffacd8e9000 	C:\WINDOWS\WinSxS\amd64_microsoft.windows.common-controls_6595b64144ccf1df_6.0.16299.125_none_15cbcf8893620c09\COMCTL32.dll
0x00007ffadfa90000 - 0x00007ffadfd98000 	C:\WINDOWS\System32\combase.dll
0x00007ffadefa0000 - 0x00007ffadf012000 	C:\WINDOWS\System32\bcryptPrimitives.dll
0x00007ffadf7c0000 - 0x00007ffadf7ed000 	C:\WINDOWS\System32\IMM32.DLL
0x0000000062ae0000 - 0x0000000062bb1000 	C:\Program Files\Java\jdk1.8.0_162\jre\bin\msvcr100.dll
0x0000000062240000 - 0x0000000062ae0000 	C:\Program Files\Java\jdk1.8.0_162\jre\bin\server\jvm.dll
0x00007ffadf680000 - 0x00007ffadf688000 	C:\WINDOWS\System32\PSAPI.DLL
0x00007ffacc620000 - 0x00007ffacc629000 	C:\WINDOWS\SYSTEM32\WSOCK32.dll
0x00007ffae14b0000 - 0x00007ffae151c000 	C:\WINDOWS\System32\WS2_32.dll
0x00007ffad5b60000 - 0x00007ffad5b83000 	C:\WINDOWS\SYSTEM32\WINMM.dll
0x00007ffadac20000 - 0x00007ffadac2a000 	C:\WINDOWS\SYSTEM32\VERSION.dll
0x00007ffad5b30000 - 0x00007ffad5b5a000 	C:\WINDOWS\SYSTEM32\WINMMBASE.dll
0x00007ffade250000 - 0x00007ffade29a000 	C:\WINDOWS\System32\cfgmgr32.dll
0x0000000062230000 - 0x000000006223f000 	C:\Program Files\Java\jdk1.8.0_162\jre\bin\verify.dll
0x0000000062200000 - 0x0000000062229000 	C:\Program Files\Java\jdk1.8.0_162\jre\bin\java.dll
0x00000000621e0000 - 0x00000000621f6000 	C:\Program Files\Java\jdk1.8.0_162\jre\bin\zip.dll
0x00007ffae0070000 - 0x00007ffae14a6000 	C:\WINDOWS\System32\SHELL32.dll
0x00007ffadf5d0000 - 0x00007ffadf676000 	C:\WINDOWS\System32\shcore.dll
0x00007ffade5c0000 - 0x00007ffaded07000 	C:\WINDOWS\System32\windows.storage.dll
0x00007ffae1c20000 - 0x00007ffae1c71000 	C:\WINDOWS\System32\shlwapi.dll
0x00007ffade050000 - 0x00007ffade061000 	C:\WINDOWS\System32\kernel.appcore.dll
0x00007ffade000000 - 0x00007ffade04c000 	C:\WINDOWS\System32\powrprof.dll
0x00007ffade070000 - 0x00007ffade08b000 	C:\WINDOWS\System32\profapi.dll
0x00000000621c0000 - 0x00000000621da000 	C:\Program Files\Java\jdk1.8.0_162\jre\bin\net.dll
0x00007ffadd890000 - 0x00007ffadd8f6000 	C:\WINDOWS\system32\mswsock.dll
0x00000000621a0000 - 0x00000000621b1000 	C:\Program Files\Java\jdk1.8.0_162\jre\bin\nio.dll
0x00007ffad6020000 - 0x00007ffad6032000 	C:\Users\Laurent\.gradle\native\19\windows-amd64\native-platform.dll
0x0000000180000000 - 0x0000000180037000 	C:\Users\Laurent\.gradle\native\jna\win32-amd64\jnidispatch.dll
0x00007ffadda50000 - 0x00007ffadda67000 	C:\WINDOWS\SYSTEM32\CRYPTSP.dll
0x00007ffadd4a0000 - 0x00007ffadd4d3000 	C:\WINDOWS\system32\rsaenh.dll
0x00007ffaddb60000 - 0x00007ffaddb85000 	C:\WINDOWS\SYSTEM32\bcrypt.dll
0x00007ffaddf30000 - 0x00007ffaddf59000 	C:\WINDOWS\SYSTEM32\USERENV.dll
0x00007ffadda70000 - 0x00007ffadda7b000 	C:\WINDOWS\SYSTEM32\CRYPTBASE.dll
0x00007ffadd620000 - 0x00007ffadd659000 	C:\WINDOWS\SYSTEM32\IPHLPAPI.DLL
0x00007ffae19a0000 - 0x00007ffae19a8000 	C:\WINDOWS\System32\NSI.dll
0x00007ffad0a10000 - 0x00007ffad0a26000 	C:\WINDOWS\SYSTEM32\dhcpcsvc6.DLL
0x00007ffad10c0000 - 0x00007ffad10da000 	C:\WINDOWS\SYSTEM32\dhcpcsvc.DLL
0x0000000062150000 - 0x000000006215d000 	C:\Program Files\Java\jdk1.8.0_162\jre\bin\management.dll

VM Arguments:
jvm_args: -Dorg.gradle.appname=gradlew 
java_command: org.gradle.wrapper.GradleWrapperMain installDebug
java_class_path (initial): C:\wamp64\www\NauticApp\android\\gradle\wrapper\gradle-wrapper.jar
Launcher Type: SUN_STANDARD

Environment Variables:
JAVA_HOME=C:\Program Files\Java\jdk1.8.0_162
CLASSPATH=C:\wamp64\www\NauticApp\android\\gradle\wrapper\gradle-wrapper.jar
PATH=C:\Python27\;C:\Python27\Scripts;C:\ProgramData\Oracle\Java\javapath;C:\Windows\system32;C:\Windows;C:\Windows\System32\Wbem;C:\Windows\System32\WindowsPowerShell\v1.0\;C:\Program Files (x86)\NVIDIA Corporation\PhysX\Common;C:\wamp64\bin\php\php5.6.31;C:\composer;C:\Program Files\PuTTY\;C:\ProgramData\chocolatey\bin;C:\Program Files\nodejs\;C:\Program Files\Java\jdk1.8.0_162\bin;;C:\WINDOWS\system32;C:\WINDOWS;C:\WINDOWS\System32\Wbem;C:\WINDOWS\System32\WindowsPowerShell\v1.0\;C:\Users\Laurent\AppData\Local\Microsoft\WindowsApps;C:\Users\Laurent\AppData\Local\GitHubDesktop\bin;C:\Users\Laurent\AppData\Local\atom\bin;C:\Users\Laurent\AppData\Roaming\Composer\vendor\bin;C:\Program Files\Microsoft VS Code\bin;C:\Users\Laurent\AppData\Roaming\npm;%USERPROFILE%\AppData\Local\Microsoft\WindowsApps;
USERNAME=Laurent
OS=Windows_NT
PROCESSOR_IDENTIFIER=Intel64 Family 6 Model 158 Stepping 9, GenuineIntel



---------------  S Y S T E M  ---------------

OS: Windows 10.0 , 64 bit Build 16299 (10.0.16299.15)

CPU:total 4 (initial active 4) (4 cores per cpu, 1 threads per core) family 6 model 158 stepping 9, cmov, cx8, fxsr, mmx, sse, sse2, sse3, ssse3, sse4.1, sse4.2, popcnt, avx, avx2, aes, clmul, erms, 3dnowpref, lzcnt, tsc, tscinvbit, bmi1, bmi2, adx

Memory: 4k page, physical 6173924k(352768k free), swap 20712292k(6604k free)

vm_info: Java HotSpot(TM) 64-Bit Server VM (25.162-b12) for windows-amd64 JRE (1.8.0_162-b12), built on Dec 19 2017 20:00:03 by "java_re" with MS VC++ 10.0 (VS2010)

time: Wed Mar 14 13:59:57 2018
elapsed time: 8 seconds (0d 0h 0m 8s)

